<?xml version="1.0" encoding="UTF-8"?>
<!-- Generated by org.testng.reporters.JUnitReportReporter -->
<testsuite hostname="Begimais-MacBook-Pro.local" failures="0" tests="5" name="com.local_8.Mocaroo" time="11.533" errors="0" timestamp="28 Jun 2018 22:38:59 GMT" skipped="0">
  <testcase classname="com.local_8.Mocaroo" name="verifyTitle" time="0.013"/>
  <testcase classname="com.local_8.Mocaroo" name="verifyHeader" time="0.450"/>
  <testcase classname="com.local_8.Mocaroo" name="verifyTableHeader" time="0.246"/>
  <testcase classname="com.local_8.Mocaroo" name="creatingFields" time="10.673"/>
  <testcase classname="com.local_8.Mocaroo" name="verifyDownloadedData" time="0.151"/>
</testsuite> <!-- com.local_8.Mocaroo -->
