<?xml version="1.0" encoding="UTF-8"?>
<!-- Generated by org.testng.reporters.JUnitReportReporter -->
<testsuite hostname="Begimais-MacBook-Pro.local" failures="0" tests="16" name="com.local_8.MocarooDataValidation" time="14.564" errors="0" timestamp="26 Jun 2018 02:10:05 GMT" skipped="0">
  <testcase classname="com.local_8.MocarooDataValidation" name="MocarooNameVerification" time="0.088"/>
  <testcase classname="com.local_8.MocarooDataValidation" name="MocarooTitleVerification" time="0.008"/>
  <testcase classname="com.local_8.MocarooDataValidation" name="removeFields" time="0.520"/>
  <testcase classname="com.local_8.MocarooDataValidation" name="labelVerification" time="0.072"/>
  <testcase classname="com.local_8.MocarooDataValidation" name="buttonVerification" time="0.023"/>
  <testcase classname="com.local_8.MocarooDataValidation" name="rowsVerification" time="0.018"/>
  <testcase classname="com.local_8.MocarooDataValidation" name="formatVerification" time="0.063"/>
  <testcase classname="com.local_8.MocarooDataValidation" name="lineEndingVerification" time="0.055"/>
  <testcase classname="com.local_8.MocarooDataValidation" name="checkBoxVerification" time="0.041"/>
  <testcase classname="com.local_8.MocarooDataValidation" name="addAnotherCity" time="0.187"/>
  <testcase classname="com.local_8.MocarooDataValidation" name="choseTypeVerification" time="2.101"/>
  <testcase classname="com.local_8.MocarooDataValidation" name="searchForCity" time="1.149"/>
  <testcase classname="com.local_8.MocarooDataValidation" name="addAnotherCity2" time="2.188"/>
  <testcase classname="com.local_8.MocarooDataValidation" name="choseTypeVerification1" time="2.099"/>
  <testcase classname="com.local_8.MocarooDataValidation" name="searchForCity2" time="3.172"/>
  <testcase classname="com.local_8.MocarooDataValidation" name="buttonDownload" time="2.780"/>
</testsuite> <!-- com.local_8.MocarooDataValidation -->
